<?xml version="1.0" encoding="UTF-8"?>
<testng-results skipped="0" failed="0" ignored="0" total="1" passed="1">
  <reporter-output>
  </reporter-output>
  <suite name="Default suite" duration-ms="2840" started-at="2019-02-03T13:05:36Z" finished-at="2019-02-03T13:05:39Z">
    <groups>
    </groups>
    <test name="Default test" duration-ms="2840" started-at="2019-02-03T13:05:36Z" finished-at="2019-02-03T13:05:39Z">
      <class name="com.qa.tests.GetApiTests">
        <test-method status="PASS" signature="setup()[pri:0, instance:com.qa.tests.GetApiTests@7823a2f9]" name="setup" is-config="true" duration-ms="6" started-at="2019-02-03T13:05:36Z" finished-at="2019-02-03T13:05:36Z">
          <reporter-output>
          </reporter-output>
        </test-method> <!-- setup -->
        <test-method status="PASS" signature="getmethod()[pri:0, instance:com.qa.tests.GetApiTests@7823a2f9]" name="getmethod" duration-ms="2800" started-at="2019-02-03T13:05:36Z" finished-at="2019-02-03T13:05:39Z">
          <reporter-output>
          </reporter-output>
        </test-method> <!-- getmethod -->
      </class> <!-- com.qa.tests.GetApiTests -->
    </test> <!-- Default test -->
  </suite> <!-- Default suite -->
</testng-results>
